<?xml version="1.0" encoding="UTF-8"?>
<testsuite xmlns:xsi="http://www.w3.org/2001/XMLSchema-instance" xsi:noNamespaceSchemaLocation="https://maven.apache.org/surefire/maven-surefire-plugin/xsd/surefire-test-report.xsd" version="3.0.2" name="TestSuite" time="183.409" tests="9" errors="0" skipped="6" failures="3">
  <properties>
[...]
</properties>
  <testcase name="setUp[edge](0)" classname="seleniumGrid.AmazonTest" time="183.072">
    <failure message="Could not start a new session. Possible causes are invalid address of the remote server or browser start-up failure. &#10;Host info: host: &apos;DESKTOP-J24U306&apos;, ip: &apos;10.206.229.17&apos;" type="org.openqa.selenium.SessionNotCreatedException"><![CDATA[org.openqa.selenium.SessionNotCreatedException: 
Could not start a new session. Possible causes are invalid address of the remote server or browser start-up failure. 
Host info: host: 'DESKTOP-J24U306', ip: '10.206.229.17'
	at org.openqa.selenium.remote.RemoteWebDriver.execute(RemoteWebDriver.java:536)
	at org.openqa.selenium.remote.RemoteWebDriver.startSession(RemoteWebDriver.java:232)
	at org.openqa.selenium.remote.RemoteWebDriver.<init>(RemoteWebDriver.java:161)
	at org.openqa.selenium.remote.RemoteWebDriver.<init>(RemoteWebDriver.java:141)
	at seleniumGrid.AmazonTest.setUp(AmazonTest.java:31)
	at java.base/jdk.internal.reflect.DirectMethodHandleAccessor.invoke(DirectMethodHandleAccessor.java:103)
	at java.base/java.lang.reflect.Method.invoke(Method.java:580)
	at org.testng.internal.invokers.MethodInvocationHelper.invokeMethod(MethodInvocationHelper.java:139)
	at org.testng.internal.invokers.MethodInvocationHelper.invokeMethodConsideringTimeout(MethodInvocationHelper.java:69)
	at org.testng.internal.invokers.ConfigInvoker.invokeConfigurationMethod(ConfigInvoker.java:361)
	at org.testng.internal.invokers.ConfigInvoker.invokeConfigurations(ConfigInvoker.java:296)
	at org.testng.internal.invokers.TestInvoker.runConfigMethods(TestInvoker.java:823)
	at org.testng.internal.invokers.TestInvoker.invokeMethod(TestInvoker.java:590)
	at org.testng.internal.invokers.TestInvoker.invokeTestMethod(TestInvoker.java:221)
	at org.testng.internal.invokers.MethodRunner.runInSequence(MethodRunner.java:50)
	at org.testng.internal.invokers.TestInvoker$MethodInvocationAgent.invoke(TestInvoker.java:969)
	at org.testng.internal.invokers.TestInvoker.invokeTestMethods(TestInvoker.java:194)
	at org.testng.internal.invokers.TestMethodWorker.invokeTestMethods(TestMethodWorker.java:148)
	at org.testng.internal.invokers.TestMethodWorker.run(TestMethodWorker.java:128)
	at java.base/java.util.ArrayList.forEach(ArrayList.java:1596)
	at org.testng.TestRunner.privateRun(TestRunner.java:829)
	at org.testng.TestRunner.run(TestRunner.java:602)
	at org.testng.SuiteRunner.runTest(SuiteRunner.java:437)
	at org.testng.SuiteRunner$SuiteWorker.run(SuiteRunner.java:475)
	at org.testng.internal.thread.ThreadUtil.lambda$execute$0(ThreadUtil.java:58)
	at java.base/java.util.concurrent.FutureTask.run(FutureTask.java:317)
	at java.base/java.util.concurrent.ThreadPoolExecutor.runWorker(ThreadPoolExecutor.java:1144)
	at java.base/java.util.concurrent.ThreadPoolExecutor$Worker.run(ThreadPoolExecutor.java:642)
	at java.base/java.lang.Thread.run(Thread.java:1583)
Caused by: org.openqa.selenium.TimeoutException: java.net.http.HttpTimeoutException: request timed out
Build info: version: '4.22.0', revision: 'c5f3146703*'
System info: os.name: 'Windows 10', os.arch: 'amd64', os.version: '10.0', java.version: '21.0.4'
Driver info: driver.version: RemoteWebDriver
	at org.openqa.selenium.remote.http.jdk.JdkHttpClient.execute0(JdkHttpClient.java:389)
	at org.openqa.selenium.remote.http.AddSeleniumUserAgent.lambda$apply$0(AddSeleniumUserAgent.java:42)
	at org.openqa.selenium.remote.http.Filter.lambda$andFinally$1(Filter.java:55)
	at org.openqa.selenium.remote.http.jdk.JdkHttpClient.execute(JdkHttpClient.java:355)
	at org.openqa.selenium.remote.tracing.TracedHttpClient.execute(TracedHttpClient.java:54)
	at org.openqa.selenium.remote.ProtocolHandshake.createSession(ProtocolHandshake.java:89)
	at org.openqa.selenium.remote.ProtocolHandshake.createSession(ProtocolHandshake.java:75)
	at org.openqa.selenium.remote.ProtocolHandshake.createSession(ProtocolHandshake.java:61)
	at org.openqa.selenium.remote.HttpCommandExecutor.execute(HttpCommandExecutor.java:162)
	at org.openqa.selenium.remote.TracedCommandExecutor.execute(TracedCommandExecutor.java:53)
	at org.openqa.selenium.remote.RemoteWebDriver.execute(RemoteWebDriver.java:518)
	... 28 more
Caused by: java.net.http.HttpTimeoutException: request timed out
	at java.net.http/jdk.internal.net.http.ResponseTimerEvent.handle(ResponseTimerEvent.java:63)
	at java.net.http/jdk.internal.net.http.HttpClientImpl.purgeTimeoutsAndReturnNextDeadline(HttpClientImpl.java:1778)
	at java.net.http/jdk.internal.net.http.HttpClientImpl$SelectorManager.run(HttpClientImpl.java:1376)
]]></failure>
    <system-err><![CDATA[SLF4J: Failed to load class "org.slf4j.impl.StaticLoggerBinder".
SLF4J: Defaulting to no-operation (NOP) logger implementation
SLF4J: See http://www.slf4j.org/codes.html#StaticLoggerBinder for further details.
Jul 12, 2025 7:13:14 PM org.openqa.selenium.remote.tracing.opentelemetry.OpenTelemetryTracer createTracer
INFO: Using OpenTelemetry for tracing
]]></system-err>
  </testcase>
  <testcase name="setUp[firefox](0)" classname="seleniumGrid.AmazonTest" time="183.083">
    <failure message="Could not start a new session. Possible causes are invalid address of the remote server or browser start-up failure. &#10;Host info: host: &apos;DESKTOP-J24U306&apos;, ip: &apos;10.206.229.17&apos;" type="org.openqa.selenium.SessionNotCreatedException"><![CDATA[org.openqa.selenium.SessionNotCreatedException: 
Could not start a new session. Possible causes are invalid address of the remote server or browser start-up failure. 
Host info: host: 'DESKTOP-J24U306', ip: '10.206.229.17'
	at org.openqa.selenium.remote.RemoteWebDriver.execute(RemoteWebDriver.java:536)
	at org.openqa.selenium.remote.RemoteWebDriver.startSession(RemoteWebDriver.java:232)
	at org.openqa.selenium.remote.RemoteWebDriver.<init>(RemoteWebDriver.java:161)
	at org.openqa.selenium.remote.RemoteWebDriver.<init>(RemoteWebDriver.java:141)
	at seleniumGrid.AmazonTest.setUp(AmazonTest.java:31)
	at java.base/jdk.internal.reflect.DirectMethodHandleAccessor.invoke(DirectMethodHandleAccessor.java:103)
	at java.base/java.lang.reflect.Method.invoke(Method.java:580)
	at org.testng.internal.invokers.MethodInvocationHelper.invokeMethod(MethodInvocationHelper.java:139)
	at org.testng.internal.invokers.MethodInvocationHelper.invokeMethodConsideringTimeout(MethodInvocationHelper.java:69)
	at org.testng.internal.invokers.ConfigInvoker.invokeConfigurationMethod(ConfigInvoker.java:361)
	at org.testng.internal.invokers.ConfigInvoker.invokeConfigurations(ConfigInvoker.java:296)
	at org.testng.internal.invokers.TestInvoker.runConfigMethods(TestInvoker.java:823)
	at org.testng.internal.invokers.TestInvoker.invokeMethod(TestInvoker.java:590)
	at org.testng.internal.invokers.TestInvoker.invokeTestMethod(TestInvoker.java:221)
	at org.testng.internal.invokers.MethodRunner.runInSequence(MethodRunner.java:50)
	at org.testng.internal.invokers.TestInvoker$MethodInvocationAgent.invoke(TestInvoker.java:969)
	at org.testng.internal.invokers.TestInvoker.invokeTestMethods(TestInvoker.java:194)
	at org.testng.internal.invokers.TestMethodWorker.invokeTestMethods(TestMethodWorker.java:148)
	at org.testng.internal.invokers.TestMethodWorker.run(TestMethodWorker.java:128)
	at java.base/java.util.ArrayList.forEach(ArrayList.java:1596)
	at org.testng.TestRunner.privateRun(TestRunner.java:829)
	at org.testng.TestRunner.run(TestRunner.java:602)
	at org.testng.SuiteRunner.runTest(SuiteRunner.java:437)
	at org.testng.SuiteRunner$SuiteWorker.run(SuiteRunner.java:475)
	at org.testng.internal.thread.ThreadUtil.lambda$execute$0(ThreadUtil.java:58)
	at java.base/java.util.concurrent.FutureTask.run(FutureTask.java:317)
	at java.base/java.util.concurrent.ThreadPoolExecutor.runWorker(ThreadPoolExecutor.java:1144)
	at java.base/java.util.concurrent.ThreadPoolExecutor$Worker.run(ThreadPoolExecutor.java:642)
	at java.base/java.lang.Thread.run(Thread.java:1583)
Caused by: org.openqa.selenium.TimeoutException: java.net.http.HttpTimeoutException: request timed out
Build info: version: '4.22.0', revision: 'c5f3146703*'
System info: os.name: 'Windows 10', os.arch: 'amd64', os.version: '10.0', java.version: '21.0.4'
Driver info: driver.version: RemoteWebDriver
	at org.openqa.selenium.remote.http.jdk.JdkHttpClient.execute0(JdkHttpClient.java:389)
	at org.openqa.selenium.remote.http.AddSeleniumUserAgent.lambda$apply$0(AddSeleniumUserAgent.java:42)
	at org.openqa.selenium.remote.http.Filter.lambda$andFinally$1(Filter.java:55)
	at org.openqa.selenium.remote.http.jdk.JdkHttpClient.execute(JdkHttpClient.java:355)
	at org.openqa.selenium.remote.tracing.TracedHttpClient.execute(TracedHttpClient.java:54)
	at org.openqa.selenium.remote.ProtocolHandshake.createSession(ProtocolHandshake.java:89)
	at org.openqa.selenium.remote.ProtocolHandshake.createSession(ProtocolHandshake.java:75)
	at org.openqa.selenium.remote.ProtocolHandshake.createSession(ProtocolHandshake.java:61)
	at org.openqa.selenium.remote.HttpCommandExecutor.execute(HttpCommandExecutor.java:162)
	at org.openqa.selenium.remote.TracedCommandExecutor.execute(TracedCommandExecutor.java:53)
	at org.openqa.selenium.remote.RemoteWebDriver.execute(RemoteWebDriver.java:518)
	... 28 more
Caused by: java.net.http.HttpTimeoutException: request timed out
	at java.net.http/jdk.internal.net.http.ResponseTimerEvent.handle(ResponseTimerEvent.java:63)
	at java.net.http/jdk.internal.net.http.HttpClientImpl.purgeTimeoutsAndReturnNextDeadline(HttpClientImpl.java:1778)
	at java.net.http/jdk.internal.net.http.HttpClientImpl$SelectorManager.run(HttpClientImpl.java:1376)
]]></failure>
  </testcase>
  <testcase name="setUp[chrome](0)" classname="seleniumGrid.AmazonTest" time="183.083">
    <failure message="Could not start a new session. Possible causes are invalid address of the remote server or browser start-up failure. &#10;Host info: host: &apos;DESKTOP-J24U306&apos;, ip: &apos;10.206.229.17&apos;" type="org.openqa.selenium.SessionNotCreatedException"><![CDATA[org.openqa.selenium.SessionNotCreatedException: 
Could not start a new session. Possible causes are invalid address of the remote server or browser start-up failure. 
Host info: host: 'DESKTOP-J24U306', ip: '10.206.229.17'
	at org.openqa.selenium.remote.RemoteWebDriver.execute(RemoteWebDriver.java:536)
	at org.openqa.selenium.remote.RemoteWebDriver.startSession(RemoteWebDriver.java:232)
	at org.openqa.selenium.remote.RemoteWebDriver.<init>(RemoteWebDriver.java:161)
	at org.openqa.selenium.remote.RemoteWebDriver.<init>(RemoteWebDriver.java:141)
	at seleniumGrid.AmazonTest.setUp(AmazonTest.java:31)
	at java.base/jdk.internal.reflect.DirectMethodHandleAccessor.invoke(DirectMethodHandleAccessor.java:103)
	at java.base/java.lang.reflect.Method.invoke(Method.java:580)
	at org.testng.internal.invokers.MethodInvocationHelper.invokeMethod(MethodInvocationHelper.java:139)
	at org.testng.internal.invokers.MethodInvocationHelper.invokeMethodConsideringTimeout(MethodInvocationHelper.java:69)
	at org.testng.internal.invokers.ConfigInvoker.invokeConfigurationMethod(ConfigInvoker.java:361)
	at org.testng.internal.invokers.ConfigInvoker.invokeConfigurations(ConfigInvoker.java:296)
	at org.testng.internal.invokers.TestInvoker.runConfigMethods(TestInvoker.java:823)
	at org.testng.internal.invokers.TestInvoker.invokeMethod(TestInvoker.java:590)
	at org.testng.internal.invokers.TestInvoker.invokeTestMethod(TestInvoker.java:221)
	at org.testng.internal.invokers.MethodRunner.runInSequence(MethodRunner.java:50)
	at org.testng.internal.invokers.TestInvoker$MethodInvocationAgent.invoke(TestInvoker.java:969)
	at org.testng.internal.invokers.TestInvoker.invokeTestMethods(TestInvoker.java:194)
	at org.testng.internal.invokers.TestMethodWorker.invokeTestMethods(TestMethodWorker.java:148)
	at org.testng.internal.invokers.TestMethodWorker.run(TestMethodWorker.java:128)
	at java.base/java.util.ArrayList.forEach(ArrayList.java:1596)
	at org.testng.TestRunner.privateRun(TestRunner.java:829)
	at org.testng.TestRunner.run(TestRunner.java:602)
	at org.testng.SuiteRunner.runTest(SuiteRunner.java:437)
	at org.testng.SuiteRunner$SuiteWorker.run(SuiteRunner.java:475)
	at org.testng.internal.thread.ThreadUtil.lambda$execute$0(ThreadUtil.java:58)
	at java.base/java.util.concurrent.FutureTask.run(FutureTask.java:317)
	at java.base/java.util.concurrent.ThreadPoolExecutor.runWorker(ThreadPoolExecutor.java:1144)
	at java.base/java.util.concurrent.ThreadPoolExecutor$Worker.run(ThreadPoolExecutor.java:642)
	at java.base/java.lang.Thread.run(Thread.java:1583)
Caused by: org.openqa.selenium.TimeoutException: java.net.http.HttpTimeoutException: request timed out
Build info: version: '4.22.0', revision: 'c5f3146703*'
System info: os.name: 'Windows 10', os.arch: 'amd64', os.version: '10.0', java.version: '21.0.4'
Driver info: driver.version: RemoteWebDriver
	at org.openqa.selenium.remote.http.jdk.JdkHttpClient.execute0(JdkHttpClient.java:389)
	at org.openqa.selenium.remote.http.AddSeleniumUserAgent.lambda$apply$0(AddSeleniumUserAgent.java:42)
	at org.openqa.selenium.remote.http.Filter.lambda$andFinally$1(Filter.java:55)
	at org.openqa.selenium.remote.http.jdk.JdkHttpClient.execute(JdkHttpClient.java:355)
	at org.openqa.selenium.remote.tracing.TracedHttpClient.execute(TracedHttpClient.java:54)
	at org.openqa.selenium.remote.ProtocolHandshake.createSession(ProtocolHandshake.java:89)
	at org.openqa.selenium.remote.ProtocolHandshake.createSession(ProtocolHandshake.java:75)
	at org.openqa.selenium.remote.ProtocolHandshake.createSession(ProtocolHandshake.java:61)
	at org.openqa.selenium.remote.HttpCommandExecutor.execute(HttpCommandExecutor.java:162)
	at org.openqa.selenium.remote.TracedCommandExecutor.execute(TracedCommandExecutor.java:53)
	at org.openqa.selenium.remote.RemoteWebDriver.execute(RemoteWebDriver.java:518)
	... 28 more
Caused by: java.net.http.HttpTimeoutException: request timed out
	at java.net.http/jdk.internal.net.http.ResponseTimerEvent.handle(ResponseTimerEvent.java:63)
	at java.net.http/jdk.internal.net.http.HttpClientImpl.purgeTimeoutsAndReturnNextDeadline(HttpClientImpl.java:1778)
	at java.net.http/jdk.internal.net.http.HttpClientImpl$SelectorManager.run(HttpClientImpl.java:1376)
]]></failure>
  </testcase>
  <testcase name="amazonTest" classname="seleniumGrid.AmazonTest" time="0.0">
    <skipped message="Could not start a new session. Possible causes are invalid address of the remote server or browser start-up failure. &#10;Host info: host: &apos;DESKTOP-J24U306&apos;, ip: &apos;10.206.229.17&apos;"/>
  </testcase>
  <testcase name="amazonTest" classname="seleniumGrid.AmazonTest" time="0.0">
    <skipped message="Could not start a new session. Possible causes are invalid address of the remote server or browser start-up failure. &#10;Host info: host: &apos;DESKTOP-J24U306&apos;, ip: &apos;10.206.229.17&apos;"/>
  </testcase>
  <testcase name="amazonTest" classname="seleniumGrid.AmazonTest" time="0.0">
    <skipped message="Could not start a new session. Possible causes are invalid address of the remote server or browser start-up failure. &#10;Host info: host: &apos;DESKTOP-J24U306&apos;, ip: &apos;10.206.229.17&apos;"/>
  </testcase>
  <testcase name="tearDown" classname="seleniumGrid.AmazonTest" time="0.0">
    <skipped/>
  </testcase>
  <testcase name="tearDown" classname="seleniumGrid.AmazonTest" time="0.0">
    <skipped/>
  </testcase>
  <testcase name="tearDown" classname="seleniumGrid.AmazonTest" time="0.0">
    <skipped/>
  </testcase>
</testsuite>